2025-11-11 21:16:00,704 - main - INFO - Démarrage de l'analyse avec args: Namespace(input='input/cv2img.jpg', output_dir='./output', batch=False, summary=False, language_info=False, quiet=False)
2025-11-11 21:16:00,705 - easyocr.easyocr - WARNING - Using CPU. Note: This module is much faster with a GPU.
2025-11-11 21:16:02,257 - src.ocr_engine - INFO - Moteur OCR initialisé avec succès
2025-11-11 21:16:02,258 - analyze_cv - INFO - Chargement du document: input/cv2img.jpg
2025-11-11 21:16:02,267 - analyze_cv - INFO - Document chargé: 1 page(s)
2025-11-11 21:16:02,268 - analyze_cv - INFO - Prétraitement des images en cours...
2025-11-11 21:16:02,268 - src.image_preprocessor - INFO - Début du prétraitement d'image
2025-11-11 21:16:02,332 - src.image_preprocessor - INFO - Prétraitement d'image terminé avec succès
2025-11-11 21:16:02,334 - analyze_cv - INFO - Images prétraitées: 1
2025-11-11 21:16:02,334 - analyze_cv - INFO - Extraction OCR en cours...
2025-11-11 21:16:11,373 - src.ocr_engine - INFO - OCR extrait 1 blocs de texte
2025-11-11 21:16:11,374 - src.ocr_engine - INFO - Texte extrait: 238 caractères, langue: french
2025-11-11 21:16:11,374 - analyze_cv - INFO - OCR terminé - Langue: french, Blocs: 1
2025-11-11 21:16:11,374 - analyze_cv - INFO - Nettoyage et structuration du texte...
2025-11-11 21:16:11,376 - analyze_cv - INFO - Sections détectées: ['header']
2025-11-11 21:16:11,377 - analyze_cv - INFO - Analyse sémantique en cours...
2025-11-11 21:16:11,380 - analyze_cv - INFO - Analyse terminée - Nom: 
2025-11-11 21:16:11,380 - analyze_cv - INFO - Export des données en cours...
2025-11-11 21:16:11,382 - analyze_cv - INFO - Export réussi: ./output\cv2img_analyzed.json
2025-11-11 21:16:25,349 - main - INFO - Démarrage de l'analyse avec args: Namespace(input='input/cv3.png', output_dir='./output', batch=False, summary=False, language_info=False, quiet=False)
2025-11-11 21:16:25,349 - easyocr.easyocr - WARNING - Using CPU. Note: This module is much faster with a GPU.
2025-11-11 21:16:26,886 - src.ocr_engine - INFO - Moteur OCR initialisé avec succès
2025-11-11 21:16:26,886 - analyze_cv - INFO - Chargement du document: input/cv3.png
2025-11-11 21:16:26,901 - analyze_cv - INFO - Document chargé: 1 page(s)
2025-11-11 21:16:26,902 - analyze_cv - INFO - Prétraitement des images en cours...
2025-11-11 21:16:26,902 - src.image_preprocessor - INFO - Début du prétraitement d'image
2025-11-11 21:16:26,917 - src.image_preprocessor - INFO - Prétraitement d'image terminé avec succès
2025-11-11 21:16:26,917 - analyze_cv - INFO - Images prétraitées: 1
2025-11-11 21:16:26,917 - analyze_cv - INFO - Extraction OCR en cours...
2025-11-11 21:16:37,868 - src.ocr_engine - INFO - OCR extrait 13 blocs de texte
2025-11-11 21:16:37,869 - src.ocr_engine - INFO - Texte extrait: 906 caractères, langue: english
2025-11-11 21:16:37,869 - analyze_cv - INFO - OCR terminé - Langue: english, Blocs: 13
2025-11-11 21:16:37,869 - analyze_cv - INFO - Nettoyage et structuration du texte...
2025-11-11 21:16:37,873 - analyze_cv - INFO - Sections détectées: ['header']
2025-11-11 21:16:37,873 - analyze_cv - INFO - Analyse sémantique en cours...
2025-11-11 21:16:37,879 - analyze_cv - INFO - Analyse terminée - Nom: Rémy Bertrand
2025-11-11 21:16:37,879 - analyze_cv - INFO - Export des données en cours...
2025-11-11 21:16:37,880 - analyze_cv - INFO - Export réussi: ./output\cv3_analyzed.json
2025-11-11 21:16:48,753 - main - INFO - Démarrage de l'analyse avec args: Namespace(input='input/CV2.pdf', output_dir='./output', batch=False, summary=False, language_info=False, quiet=False)
2025-11-11 21:16:48,754 - easyocr.easyocr - WARNING - Using CPU. Note: This module is much faster with a GPU.
2025-11-11 21:16:50,301 - src.ocr_engine - INFO - Moteur OCR initialisé avec succès
2025-11-11 21:16:50,301 - analyze_cv - INFO - Chargement du document: input/CV2.pdf
2025-11-11 21:16:50,541 - analyze_cv - INFO - Document chargé: 1 page(s)
2025-11-11 21:16:50,542 - analyze_cv - INFO - Prétraitement des images en cours...
2025-11-11 21:16:50,542 - src.image_preprocessor - INFO - Début du prétraitement d'image
2025-11-11 21:16:50,671 - src.image_preprocessor - INFO - Prétraitement d'image terminé avec succès
2025-11-11 21:16:50,675 - analyze_cv - INFO - Images prétraitées: 1
2025-11-11 21:16:50,676 - analyze_cv - INFO - Extraction OCR en cours...
2025-11-11 21:17:08,568 - src.ocr_engine - INFO - OCR extrait 1 blocs de texte
2025-11-11 21:17:08,569 - src.ocr_engine - INFO - Texte extrait: 273 caractères, langue: french
2025-11-11 21:17:08,569 - analyze_cv - INFO - OCR terminé - Langue: french, Blocs: 1
2025-11-11 21:17:08,569 - analyze_cv - INFO - Nettoyage et structuration du texte...
2025-11-11 21:17:08,573 - analyze_cv - INFO - Sections détectées: ['header']
2025-11-11 21:17:08,573 - analyze_cv - INFO - Analyse sémantique en cours...
2025-11-11 21:17:08,576 - analyze_cv - INFO - Analyse terminée - Nom: 
2025-11-11 21:17:08,576 - analyze_cv - INFO - Export des données en cours...
2025-11-11 21:17:08,577 - analyze_cv - INFO - Export réussi: ./output\CV2_analyzed.json
2025-11-11 21:23:11,757 - main - INFO - Démarrage de l'analyse avec args: Namespace(input='input/cv3.png', output_dir='./output', batch=False, summary=False, language_info=False, quiet=False)
2025-11-11 21:23:11,758 - easyocr.easyocr - WARNING - Using CPU. Note: This module is much faster with a GPU.
2025-11-11 21:23:13,303 - src.ocr_engine - INFO - Moteur OCR initialisé avec succès
2025-11-11 21:23:13,304 - analyze_cv - INFO - Chargement du document: input/cv3.png
2025-11-11 21:23:13,319 - analyze_cv - INFO - Document chargé: 1 page(s)
2025-11-11 21:23:13,319 - analyze_cv - INFO - Prétraitement des images en cours...
2025-11-11 21:23:13,319 - src.image_preprocessor - INFO - Début du prétraitement d'image
2025-11-11 21:23:13,334 - src.image_preprocessor - INFO - Prétraitement d'image terminé avec succès
2025-11-11 21:23:13,335 - analyze_cv - INFO - Images prétraitées: 1
2025-11-11 21:23:13,335 - analyze_cv - INFO - Extraction OCR en cours...
2025-11-11 21:23:24,475 - src.ocr_engine - INFO - OCR extrait 13 blocs de texte
2025-11-11 21:23:24,475 - src.ocr_engine - INFO - Texte extrait: 906 caractères, langue: english
2025-11-11 21:23:24,475 - analyze_cv - INFO - OCR terminé - Langue: english, Blocs: 13
2025-11-11 21:23:24,476 - analyze_cv - INFO - Nettoyage et structuration du texte...
2025-11-11 21:23:24,481 - analyze_cv - INFO - Sections détectées: ['header']
2025-11-11 21:23:24,481 - analyze_cv - INFO - Analyse sémantique en cours...
2025-11-11 21:23:24,487 - analyze_cv - INFO - Analyse terminée - Nom: Rémy Bertrand
2025-11-11 21:23:24,487 - analyze_cv - INFO - Export des données en cours...
2025-11-11 21:23:24,487 - analyze_cv - INFO - Export réussi: ./output\cv3_analyzed.json
2025-11-11 21:23:42,249 - main - INFO - Démarrage de l'analyse avec args: Namespace(input='input/cv2img.jpg', output_dir='./output', batch=False, summary=False, language_info=False, quiet=False)
2025-11-11 21:23:42,249 - easyocr.easyocr - WARNING - Using CPU. Note: This module is much faster with a GPU.
2025-11-11 21:23:43,800 - src.ocr_engine - INFO - Moteur OCR initialisé avec succès
2025-11-11 21:23:43,800 - analyze_cv - INFO - Chargement du document: input/cv2img.jpg
2025-11-11 21:23:43,808 - analyze_cv - INFO - Document chargé: 1 page(s)
2025-11-11 21:23:43,808 - analyze_cv - INFO - Prétraitement des images en cours...
2025-11-11 21:23:43,809 - src.image_preprocessor - INFO - Début du prétraitement d'image
2025-11-11 21:23:43,858 - src.image_preprocessor - INFO - Prétraitement d'image terminé avec succès
2025-11-11 21:23:43,859 - analyze_cv - INFO - Images prétraitées: 1
2025-11-11 21:23:43,859 - analyze_cv - INFO - Extraction OCR en cours...
2025-11-11 21:23:52,779 - src.ocr_engine - INFO - OCR extrait 1 blocs de texte
2025-11-11 21:23:52,779 - src.ocr_engine - INFO - Texte extrait: 238 caractères, langue: french
2025-11-11 21:23:52,779 - analyze_cv - INFO - OCR terminé - Langue: french, Blocs: 1
2025-11-11 21:23:52,780 - analyze_cv - INFO - Nettoyage et structuration du texte...
2025-11-11 21:23:52,784 - analyze_cv - INFO - Sections détectées: ['header']
2025-11-11 21:23:52,784 - analyze_cv - INFO - Analyse sémantique en cours...
2025-11-11 21:23:52,789 - analyze_cv - INFO - Analyse terminée - Nom: 
2025-11-11 21:23:52,789 - analyze_cv - INFO - Export des données en cours...
2025-11-11 21:23:52,790 - analyze_cv - INFO - Export réussi: ./output\cv2img_analyzed.json
2025-11-11 21:24:13,620 - main - INFO - Démarrage de l'analyse avec args: Namespace(input='input/CV2.pdf', output_dir='./output', batch=False, summary=False, language_info=False, quiet=False)
2025-11-11 21:24:13,620 - easyocr.easyocr - WARNING - Using CPU. Note: This module is much faster with a GPU.
2025-11-11 21:24:15,166 - src.ocr_engine - INFO - Moteur OCR initialisé avec succès
2025-11-11 21:24:15,166 - analyze_cv - INFO - Chargement du document: input/CV2.pdf
2025-11-11 21:24:15,385 - analyze_cv - INFO - Document chargé: 1 page(s)
2025-11-11 21:24:15,386 - analyze_cv - INFO - Prétraitement des images en cours...
2025-11-11 21:24:15,386 - src.image_preprocessor - INFO - Début du prétraitement d'image
2025-11-11 21:24:15,520 - src.image_preprocessor - INFO - Prétraitement d'image terminé avec succès
2025-11-11 21:24:15,524 - analyze_cv - INFO - Images prétraitées: 1
2025-11-11 21:24:15,524 - analyze_cv - INFO - Extraction OCR en cours...
2025-11-11 21:24:32,481 - src.ocr_engine - INFO - OCR extrait 1 blocs de texte
2025-11-11 21:24:32,481 - src.ocr_engine - INFO - Texte extrait: 273 caractères, langue: french
2025-11-11 21:24:32,482 - analyze_cv - INFO - OCR terminé - Langue: french, Blocs: 1
2025-11-11 21:24:32,482 - analyze_cv - INFO - Nettoyage et structuration du texte...
2025-11-11 21:24:32,485 - analyze_cv - INFO - Sections détectées: ['header']
2025-11-11 21:24:32,485 - analyze_cv - INFO - Analyse sémantique en cours...
2025-11-11 21:24:32,489 - analyze_cv - INFO - Analyse terminée - Nom: 
2025-11-11 21:24:32,489 - analyze_cv - INFO - Export des données en cours...
2025-11-11 21:24:32,490 - analyze_cv - INFO - Export réussi: ./output\CV2_analyzed.json
2025-11-11 21:25:45,191 - main - INFO - Démarrage de l'analyse avec args: Namespace(input='input/CV2.pdf', output_dir='./output', batch=False, summary=False, language_info=False, quiet=False)
2025-11-11 21:25:45,192 - easyocr.easyocr - WARNING - Using CPU. Note: This module is much faster with a GPU.
2025-11-11 21:25:46,729 - src.ocr_engine - INFO - Moteur OCR initialisé avec succès
2025-11-11 21:25:46,729 - analyze_cv - INFO - Chargement du document: input/CV2.pdf
2025-11-11 21:25:46,948 - analyze_cv - INFO - Document chargé: 1 page(s)
2025-11-11 21:25:46,948 - analyze_cv - INFO - Prétraitement des images en cours...
2025-11-11 21:25:46,949 - src.image_preprocessor - INFO - Début du prétraitement d'image
2025-11-11 21:25:47,077 - src.image_preprocessor - INFO - Prétraitement d'image terminé avec succès
2025-11-11 21:25:47,080 - analyze_cv - INFO - Images prétraitées: 1
2025-11-11 21:25:47,080 - analyze_cv - INFO - Extraction OCR en cours...
2025-11-11 21:26:03,891 - src.ocr_engine - INFO - OCR extrait 1 blocs de texte
2025-11-11 21:26:03,891 - src.ocr_engine - INFO - Texte extrait: 273 caractères, langue: french
2025-11-11 21:26:03,892 - analyze_cv - INFO - OCR terminé - Langue: french, Blocs: 1
2025-11-11 21:26:03,892 - analyze_cv - INFO - Nettoyage et structuration du texte...
2025-11-11 21:26:03,897 - analyze_cv - INFO - Sections détectées: ['header']
2025-11-11 21:26:03,897 - analyze_cv - INFO - Analyse sémantique en cours...
2025-11-11 21:26:03,901 - analyze_cv - INFO - Analyse terminée - Nom: 
2025-11-11 21:26:03,901 - analyze_cv - INFO - Export des données en cours...
2025-11-11 21:26:03,902 - analyze_cv - INFO - Export réussi: ./output\CV2_analyzed.json
2025-11-11 21:27:00,158 - main - INFO - Démarrage de l'analyse avec args: Namespace(input='input/CV2.pdf', output_dir='./output', batch=False, summary=False, language_info=False, quiet=False)
2025-11-11 21:27:00,158 - easyocr.easyocr - WARNING - Using CPU. Note: This module is much faster with a GPU.
2025-11-11 21:27:01,747 - src.ocr_engine - INFO - Moteur OCR initialisé avec succès
2025-11-11 21:27:01,748 - analyze_cv - INFO - Chargement du document: input/CV2.pdf
2025-11-11 21:27:01,980 - analyze_cv - INFO - Document chargé: 1 page(s)
2025-11-11 21:27:01,982 - analyze_cv - INFO - Prétraitement des images en cours...
2025-11-11 21:27:01,982 - src.image_preprocessor - INFO - Début du prétraitement d'image
2025-11-11 21:27:02,116 - src.image_preprocessor - INFO - Prétraitement d'image terminé avec succès
2025-11-11 21:27:02,119 - analyze_cv - INFO - Images prétraitées: 1
2025-11-11 21:27:02,120 - analyze_cv - INFO - Extraction OCR en cours...
2025-11-11 21:27:18,875 - src.ocr_engine - INFO - OCR extrait 1 blocs de texte
2025-11-11 21:27:18,875 - src.ocr_engine - INFO - Texte extrait: 273 caractères, langue: french
2025-11-11 21:27:18,876 - analyze_cv - INFO - OCR terminé - Langue: french, Blocs: 1
2025-11-11 21:27:18,876 - analyze_cv - INFO - Nettoyage et structuration du texte...
2025-11-11 21:27:18,880 - analyze_cv - INFO - Sections détectées: ['header']
2025-11-11 21:27:18,881 - analyze_cv - INFO - Analyse sémantique en cours...
2025-11-11 21:27:18,886 - analyze_cv - INFO - Analyse terminée - Nom: 
2025-11-11 21:27:18,886 - analyze_cv - INFO - Export des données en cours...
2025-11-11 21:27:18,888 - analyze_cv - INFO - Export réussi: ./output\CV2_analyzed.json
2025-11-11 21:35:45,422 - main - INFO - Démarrage de l'analyse avec args: Namespace(input='input/cv3.png', output_dir='./output', batch=False, summary=False, language_info=False, quiet=False)
2025-11-11 21:35:45,422 - easyocr.easyocr - WARNING - Using CPU. Note: This module is much faster with a GPU.
2025-11-11 21:35:47,130 - analyze_cv - INFO - Chargement du document: input/cv3.png
2025-11-11 21:35:47,171 - analyze_cv - INFO - Document chargé: 1 page(s)
2025-11-11 21:35:47,171 - analyze_cv - INFO - Prétraitement des images en cours...
2025-11-11 21:35:47,180 - analyze_cv - INFO - Images prétraitées: 1
2025-11-11 21:35:47,180 - analyze_cv - INFO - Extraction OCR en cours...
2025-11-11 21:35:59,114 - analyze_cv - INFO - OCR terminé - Langue: french, Blocs: 5
2025-11-11 21:35:59,115 - analyze_cv - INFO - Nettoyage et structuration du texte...
2025-11-11 21:35:59,117 - analyze_cv - INFO - Sections détectées: ['header']
2025-11-11 21:35:59,117 - analyze_cv - INFO - Analyse sémantique en cours...
2025-11-11 21:35:59,121 - analyze_cv - INFO - Analyse terminée - Nom: Rémy Bertrand
2025-11-11 21:35:59,123 - analyze_cv - INFO - Export des données en cours...
2025-11-11 21:35:59,123 - analyze_cv - INFO - Export réussi: ./output\cv3_analyzed.json
2025-11-11 21:36:41,753 - main - INFO - Démarrage de l'analyse avec args: Namespace(input='input/CV2.pdf', output_dir='./output', batch=False, summary=False, language_info=False, quiet=False)
2025-11-11 21:36:41,754 - easyocr.easyocr - WARNING - Using CPU. Note: This module is much faster with a GPU.
2025-11-11 21:36:43,362 - analyze_cv - INFO - Chargement du document: input/CV2.pdf
2025-11-11 21:36:43,610 - analyze_cv - INFO - Document chargé: 1 page(s)
2025-11-11 21:36:43,612 - analyze_cv - INFO - Prétraitement des images en cours...
2025-11-11 21:36:43,699 - analyze_cv - INFO - Images prétraitées: 1
2025-11-11 21:36:43,699 - analyze_cv - INFO - Extraction OCR en cours...
2025-11-11 21:37:03,549 - analyze_cv - INFO - OCR terminé - Langue: french, Blocs: 49
2025-11-11 21:37:03,549 - analyze_cv - INFO - Nettoyage et structuration du texte...
2025-11-11 21:37:03,555 - analyze_cv - INFO - Sections détectées: ['profil', 'experience', 'centres_interet', 'formation', 'competences', 'header']
2025-11-11 21:37:03,555 - analyze_cv - INFO - Analyse sémantique en cours...
2025-11-11 21:37:03,562 - analyze_cv - INFO - Analyse terminée - Nom: Jean Dupont
2025-11-11 21:37:03,562 - analyze_cv - INFO - Export des données en cours...
2025-11-11 21:37:03,576 - analyze_cv - INFO - Export réussi: ./output\CV2_analyzed.json
2025-11-11 21:38:01,722 - main - INFO - Démarrage de l'analyse avec args: Namespace(input='input/cv2img.jpg', output_dir='./output', batch=False, summary=False, language_info=False, quiet=False)
2025-11-11 21:38:01,722 - easyocr.easyocr - WARNING - Using CPU. Note: This module is much faster with a GPU.
2025-11-11 21:38:03,375 - analyze_cv - INFO - Chargement du document: input/cv2img.jpg
2025-11-11 21:38:03,405 - analyze_cv - INFO - Document chargé: 1 page(s)
2025-11-11 21:38:03,405 - analyze_cv - INFO - Prétraitement des images en cours...
2025-11-11 21:38:03,437 - analyze_cv - INFO - Images prétraitées: 1
2025-11-11 21:38:03,437 - analyze_cv - INFO - Extraction OCR en cours...
2025-11-11 21:38:14,646 - analyze_cv - INFO - OCR terminé - Langue: french, Blocs: 47
2025-11-11 21:38:14,647 - analyze_cv - INFO - Nettoyage et structuration du texte...
2025-11-11 21:38:14,651 - analyze_cv - INFO - Sections détectées: ['profil', 'experience', 'formation', 'competences', 'header']
2025-11-11 21:38:14,651 - analyze_cv - INFO - Analyse sémantique en cours...
2025-11-11 21:38:14,660 - analyze_cv - INFO - Analyse terminée - Nom: Jean Dupont
2025-11-11 21:38:14,660 - analyze_cv - INFO - Export des données en cours...
2025-11-11 21:38:14,662 - analyze_cv - INFO - Export réussi: ./output\cv2img_analyzed.json
2025-11-11 21:38:45,034 - main - INFO - Démarrage de l'analyse avec args: Namespace(input='input/cv2img.jpg', output_dir='./output', batch=False, summary=False, language_info=False, quiet=False)
2025-11-11 21:38:45,035 - easyocr.easyocr - WARNING - Using CPU. Note: This module is much faster with a GPU.
2025-11-11 21:38:46,595 - analyze_cv - INFO - Chargement du document: input/cv2img.jpg
2025-11-11 21:38:46,603 - analyze_cv - INFO - Document chargé: 1 page(s)
2025-11-11 21:38:46,604 - analyze_cv - INFO - Prétraitement des images en cours...
2025-11-11 21:38:46,638 - analyze_cv - INFO - Images prétraitées: 1
2025-11-11 21:38:46,639 - analyze_cv - INFO - Extraction OCR en cours...
2025-11-11 21:38:56,491 - analyze_cv - INFO - OCR terminé - Langue: french, Blocs: 47
2025-11-11 21:38:56,492 - analyze_cv - INFO - Nettoyage et structuration du texte...
2025-11-11 21:38:56,497 - analyze_cv - INFO - Sections détectées: ['profil', 'experience', 'formation', 'competences', 'header']
2025-11-11 21:38:56,497 - analyze_cv - INFO - Analyse sémantique en cours...
2025-11-11 21:38:56,504 - analyze_cv - INFO - Analyse terminée - Nom: Jean Dupont
2025-11-11 21:38:56,505 - analyze_cv - INFO - Export des données en cours...
2025-11-11 21:38:56,505 - analyze_cv - INFO - Export réussi: ./output\cv2img_analyzed.json
2025-11-11 21:39:25,099 - main - INFO - Démarrage de l'analyse avec args: Namespace(input='input/cv4.png', output_dir='./output', batch=False, summary=False, language_info=False, quiet=False)
2025-11-11 21:39:25,100 - easyocr.easyocr - WARNING - Using CPU. Note: This module is much faster with a GPU.
2025-11-11 21:39:26,679 - analyze_cv - INFO - Chargement du document: input/cv4.png
2025-11-11 21:39:26,706 - analyze_cv - INFO - Document chargé: 1 page(s)
2025-11-11 21:39:26,706 - analyze_cv - INFO - Prétraitement des images en cours...
2025-11-11 21:39:26,717 - analyze_cv - INFO - Images prétraitées: 1
2025-11-11 21:39:26,717 - analyze_cv - INFO - Extraction OCR en cours...
2025-11-11 21:39:35,976 - analyze_cv - INFO - OCR terminé - Langue: french, Blocs: 6
2025-11-11 21:39:35,978 - analyze_cv - INFO - Nettoyage et structuration du texte...
2025-11-11 21:39:35,980 - analyze_cv - INFO - Sections détectées: ['profil']
2025-11-11 21:39:35,980 - analyze_cv - INFO - Analyse sémantique en cours...
2025-11-11 21:39:35,984 - analyze_cv - INFO - Analyse terminée - Nom: Profil Contact
2025-11-11 21:39:35,984 - analyze_cv - INFO - Export des données en cours...
2025-11-11 21:39:35,985 - analyze_cv - INFO - Export réussi: ./output\cv4_analyzed.json
2025-11-11 21:41:10,428 - main - INFO - Démarrage de l'analyse avec args: Namespace(input='input/CV2.pdf', output_dir='./output', batch=False, summary=False, language_info=False, quiet=False)
2025-11-11 21:41:10,428 - easyocr.easyocr - WARNING - Using CPU. Note: This module is much faster with a GPU.
2025-11-11 21:41:11,976 - analyze_cv - INFO - Chargement du document: input/CV2.pdf
2025-11-11 21:41:12,203 - analyze_cv - INFO - Document chargé: 1 page(s)
2025-11-11 21:41:12,203 - analyze_cv - INFO - Prétraitement des images en cours...
2025-11-11 21:41:12,289 - analyze_cv - INFO - Images prétraitées: 1
2025-11-11 21:41:12,289 - analyze_cv - INFO - Extraction OCR en cours...
2025-11-11 21:41:31,182 - analyze_cv - INFO - OCR terminé - Langue: french, Blocs: 49
2025-11-11 21:41:31,182 - analyze_cv - INFO - Nettoyage et structuration du texte...
2025-11-11 21:41:31,186 - analyze_cv - INFO - Sections détectées: ['profil', 'experience', 'centres_interet', 'formation', 'competences', 'header']
2025-11-11 21:41:31,186 - analyze_cv - INFO - Analyse sémantique en cours...
2025-11-11 21:41:31,193 - analyze_cv - INFO - Analyse terminée - Nom: Jean Dupont
2025-11-11 21:41:31,194 - analyze_cv - INFO - Export des données en cours...
2025-11-11 21:41:31,207 - analyze_cv - INFO - Export réussi: ./output\CV2_analyzed.json
2025-11-11 21:42:59,426 - main - INFO - Démarrage de l'analyse avec args: Namespace(input='input/CV2.pdf', output_dir='./output', batch=False, summary=False, language_info=False, quiet=False)
2025-11-11 21:42:59,426 - easyocr.easyocr - WARNING - Using CPU. Note: This module is much faster with a GPU.
2025-11-11 21:43:00,984 - analyze_cv - INFO - Chargement du document: input/CV2.pdf
2025-11-11 21:43:01,221 - analyze_cv - INFO - Document chargé: 1 page(s)
2025-11-11 21:43:01,221 - analyze_cv - INFO - Prétraitement des images en cours...
2025-11-11 21:43:01,311 - analyze_cv - INFO - Images prétraitées: 1
2025-11-11 21:43:01,312 - analyze_cv - INFO - Extraction OCR en cours...
2025-11-11 21:43:19,622 - analyze_cv - INFO - OCR terminé - Langue: french, Blocs: 49
2025-11-11 21:43:19,622 - analyze_cv - INFO - Nettoyage et structuration du texte...
2025-11-11 21:43:19,627 - analyze_cv - INFO - Sections détectées: ['profil', 'experience', 'centres_interet', 'formation', 'competences', 'header']
2025-11-11 21:43:19,628 - analyze_cv - INFO - Analyse sémantique en cours...
2025-11-11 21:43:19,633 - analyze_cv - INFO - Analyse terminée - Nom: Jean Dupont
2025-11-11 21:43:19,633 - analyze_cv - INFO - Export des données en cours...
2025-11-11 21:43:19,634 - analyze_cv - INFO - Export réussi: ./output\CV2_analyzed.json
2025-11-11 21:43:52,976 - main - INFO - Démarrage de l'analyse avec args: Namespace(input='input/CV1.pdf', output_dir='./output', batch=False, summary=False, language_info=False, quiet=False)
2025-11-11 21:43:52,976 - easyocr.easyocr - WARNING - Using CPU. Note: This module is much faster with a GPU.
2025-11-11 21:43:54,534 - analyze_cv - INFO - Chargement du document: input/CV1.pdf
2025-11-11 21:43:54,808 - analyze_cv - INFO - Document chargé: 1 page(s)
2025-11-11 21:43:54,809 - analyze_cv - INFO - Prétraitement des images en cours...
2025-11-11 21:43:54,899 - analyze_cv - INFO - Images prétraitées: 1
2025-11-11 21:43:54,900 - analyze_cv - INFO - Extraction OCR en cours...
2025-11-11 21:44:14,208 - analyze_cv - INFO - OCR terminé - Langue: french, Blocs: 45
2025-11-11 21:44:14,208 - analyze_cv - INFO - Nettoyage et structuration du texte...
2025-11-11 21:44:14,213 - analyze_cv - INFO - Sections détectées: ['profil', 'experience', 'formation', 'header']
2025-11-11 21:44:14,213 - analyze_cv - INFO - Analyse sémantique en cours...
2025-11-11 21:44:14,218 - analyze_cv - INFO - Analyse terminée - Nom: Rémy Bertrand
2025-11-11 21:44:14,219 - analyze_cv - INFO - Export des données en cours...
2025-11-11 21:44:14,220 - analyze_cv - INFO - Export réussi: ./output\CV1_analyzed.json
2025-11-11 22:00:05,392 - main - INFO - Démarrage de l'analyse avec args: Namespace(input='input/CV1.pdf', output_dir='./output', batch=False, summary=False, language_info=False, quiet=False)
2025-11-11 22:00:05,393 - easyocr.easyocr - WARNING - Using CPU. Note: This module is much faster with a GPU.
2025-11-11 22:00:07,283 - analyze_cv - INFO - Chargement du document: input/CV1.pdf
2025-11-11 22:00:07,638 - analyze_cv - INFO - Document chargé: 1 page(s)
2025-11-11 22:00:07,639 - analyze_cv - INFO - Prétraitement des images en cours...
2025-11-11 22:00:07,747 - analyze_cv - INFO - Images prétraitées: 1
2025-11-11 22:00:07,748 - analyze_cv - INFO - Extraction OCR en cours...
2025-11-11 22:00:29,892 - analyze_cv - INFO - OCR terminé - Langue: french, Blocs: 20
2025-11-11 22:00:29,892 - analyze_cv - INFO - Nettoyage et structuration du texte...
2025-11-11 22:00:29,898 - analyze_cv - INFO - Sections détectées: ['langues', 'formation', 'header']
2025-11-11 22:00:29,898 - analyze_cv - INFO - Analyse sémantique en cours...
2025-11-11 22:00:29,909 - analyze_cv - INFO - Analyse terminée - Nom: Rémy Bertrand
2025-11-11 22:00:29,909 - analyze_cv - INFO - Export des données en cours...
2025-11-11 22:00:29,922 - analyze_cv - INFO - Export réussi: ./output\CV1_analyzed.json
2025-11-11 22:01:21,687 - main - INFO - Démarrage de l'analyse avec args: Namespace(input='input/CV2.pdf', output_dir='./output', batch=False, summary=False, language_info=False, quiet=False)
2025-11-11 22:01:21,688 - easyocr.easyocr - WARNING - Using CPU. Note: This module is much faster with a GPU.
2025-11-11 22:01:23,287 - analyze_cv - INFO - Chargement du document: input/CV2.pdf
2025-11-11 22:01:23,538 - analyze_cv - INFO - Document chargé: 1 page(s)
2025-11-11 22:01:23,538 - analyze_cv - INFO - Prétraitement des images en cours...
2025-11-11 22:01:23,633 - analyze_cv - INFO - Images prétraitées: 1
2025-11-11 22:01:23,633 - analyze_cv - INFO - Extraction OCR en cours...
2025-11-11 22:01:42,539 - analyze_cv - INFO - OCR terminé - Langue: french, Blocs: 18
2025-11-11 22:01:42,539 - analyze_cv - INFO - Nettoyage et structuration du texte...
2025-11-11 22:01:42,546 - analyze_cv - INFO - Sections détectées: ['profil', 'langues', 'centres_interet', 'formation', 'competences', 'header']
2025-11-11 22:01:42,546 - analyze_cv - INFO - Analyse sémantique en cours...
2025-11-11 22:01:42,554 - analyze_cv - INFO - Analyse terminée - Nom: Jean Dupont Ingenieur
2025-11-11 22:01:42,554 - analyze_cv - INFO - Export des données en cours...
2025-11-11 22:01:42,556 - analyze_cv - INFO - Export réussi: ./output\CV2_analyzed.json
2025-11-11 22:05:31,093 - main - INFO - Démarrage de l'analyse avec args: Namespace(input='input/cv4.png', output_dir='./output', batch=False, summary=False, language_info=False, quiet=False)
2025-11-11 22:05:31,094 - easyocr.easyocr - WARNING - Using CPU. Note: This module is much faster with a GPU.
2025-11-11 22:05:32,826 - analyze_cv - INFO - Chargement du document: input/cv4.png
2025-11-11 22:05:32,840 - analyze_cv - INFO - Document chargé: 1 page(s)
2025-11-11 22:05:32,840 - analyze_cv - INFO - Prétraitement des images en cours...
2025-11-11 22:05:32,850 - analyze_cv - INFO - Images prétraitées: 1
2025-11-11 22:05:32,850 - analyze_cv - INFO - Extraction OCR en cours...
2025-11-11 22:05:41,172 - analyze_cv - INFO - OCR terminé - Langue: french, Blocs: 16
2025-11-11 22:05:41,173 - analyze_cv - INFO - Nettoyage et structuration du texte...
2025-11-11 22:05:41,176 - analyze_cv - INFO - Sections détectées: ['profil', 'header']
2025-11-11 22:05:41,176 - analyze_cv - INFO - Analyse sémantique en cours...
2025-11-11 22:05:41,181 - analyze_cv - INFO - Analyse terminée - Nom: 
2025-11-11 22:05:41,181 - analyze_cv - INFO - Export des données en cours...
2025-11-11 22:05:41,181 - analyze_cv - INFO - Export réussi: ./output\cv4_analyzed.json
2025-11-11 22:07:49,200 - main - INFO - Démarrage de l'analyse avec args: Namespace(input='input/cv3.jpg', output_dir='./output', batch=False, summary=False, language_info=False, quiet=False)
2025-11-11 22:07:49,201 - easyocr.easyocr - WARNING - Using CPU. Note: This module is much faster with a GPU.
2025-11-11 22:07:50,854 - analyze_cv - INFO - Chargement du document: input/cv3.jpg
2025-11-11 22:07:50,864 - analyze_cv - INFO - Document chargé: 1 page(s)
2025-11-11 22:07:50,864 - analyze_cv - INFO - Prétraitement des images en cours...
2025-11-11 22:07:50,899 - analyze_cv - INFO - Images prétraitées: 1
2025-11-11 22:07:50,899 - analyze_cv - INFO - Extraction OCR en cours...
2025-11-11 22:08:02,002 - analyze_cv - INFO - OCR terminé - Langue: french, Blocs: 15
2025-11-11 22:08:02,003 - analyze_cv - INFO - Nettoyage et structuration du texte...
2025-11-11 22:08:02,008 - analyze_cv - INFO - Sections détectées: ['profil', 'langues', 'centres_interet', 'header']
2025-11-11 22:08:02,008 - analyze_cv - INFO - Analyse sémantique en cours...
2025-11-11 22:08:02,015 - analyze_cv - INFO - Analyse terminée - Nom: Jean Dupont Ingênieun
2025-11-11 22:08:02,015 - analyze_cv - INFO - Export des données en cours...
2025-11-11 22:08:02,016 - analyze_cv - INFO - Export réussi: ./output\cv3_analyzed.json
2025-11-11 22:18:41,384 - main - INFO - Démarrage de l'analyse avec args: Namespace(input='input/1.pdf', output_dir='./output', batch=False, summary=False, language_info=False, quiet=False)
2025-11-11 22:18:41,384 - easyocr.easyocr - WARNING - Using CPU. Note: This module is much faster with a GPU.
2025-11-11 22:18:43,048 - analyze_cv - INFO - Chargement du document: input/1.pdf
2025-11-11 22:18:43,283 - analyze_cv - INFO - Document chargé: 1 page(s)
2025-11-11 22:18:43,283 - analyze_cv - INFO - Prétraitement des images en cours...
2025-11-11 22:18:43,379 - analyze_cv - INFO - Images prétraitées: 1
2025-11-11 22:18:43,379 - analyze_cv - INFO - Extraction OCR en cours...
2025-11-11 22:19:04,105 - analyze_cv - INFO - OCR terminé - Langue: english, Blocs: 6
2025-11-11 22:19:04,105 - analyze_cv - INFO - Nettoyage et structuration du texte...
2025-11-11 22:19:04,111 - analyze_cv - INFO - Sections détectées: ['header']
2025-11-11 22:19:04,111 - analyze_cv - INFO - Analyse sémantique en cours...
2025-11-11 22:19:04,119 - analyze_cv - INFO - Analyse terminée - Nom: Youssef Mohammed Saad
2025-11-11 22:19:04,119 - analyze_cv - INFO - Export des données en cours...
2025-11-11 22:19:04,120 - analyze_cv - INFO - Export réussi: ./output\1_analyzed.json
2025-11-11 22:19:27,290 - main - INFO - Démarrage de l'analyse avec args: Namespace(input='input/2.pdf', output_dir='./output', batch=False, summary=False, language_info=False, quiet=False)
2025-11-11 22:19:27,292 - easyocr.easyocr - WARNING - Using CPU. Note: This module is much faster with a GPU.
2025-11-11 22:19:28,894 - analyze_cv - INFO - Chargement du document: input/2.pdf
2025-11-11 22:19:29,235 - analyze_cv - INFO - Document chargé: 1 page(s)
2025-11-11 22:19:29,235 - analyze_cv - INFO - Prétraitement des images en cours...
2025-11-11 22:19:29,326 - analyze_cv - INFO - Images prétraitées: 1
2025-11-11 22:19:29,326 - analyze_cv - INFO - Extraction OCR en cours...
2025-11-11 22:19:48,955 - analyze_cv - INFO - OCR terminé - Langue: english, Blocs: 35
2025-11-11 22:19:48,955 - analyze_cv - INFO - Nettoyage et structuration du texte...
2025-11-11 22:19:48,959 - analyze_cv - INFO - Sections détectées: ['langues', 'header']
2025-11-11 22:19:48,959 - analyze_cv - INFO - Analyse sémantique en cours...
2025-11-11 22:19:48,963 - analyze_cv - INFO - Analyse terminée - Nom: 
2025-11-11 22:19:48,964 - analyze_cv - INFO - Export des données en cours...
2025-11-11 22:19:48,964 - analyze_cv - INFO - Export réussi: ./output\2_analyzed.json
2025-11-11 22:23:56,650 - main - INFO - Démarrage de l'analyse avec args: Namespace(input='input/x.pdf', output_dir='./output', batch=False, summary=False, language_info=False, quiet=False)
2025-11-11 22:23:56,651 - easyocr.easyocr - WARNING - Using CPU. Note: This module is much faster with a GPU.
2025-11-11 22:23:58,186 - analyze_cv - INFO - Chargement du document: input/x.pdf
2025-11-11 22:23:58,900 - analyze_cv - INFO - Document chargé: 1 page(s)
2025-11-11 22:23:58,900 - analyze_cv - INFO - Prétraitement des images en cours...
2025-11-11 22:23:59,003 - analyze_cv - INFO - Images prétraitées: 1
2025-11-11 22:23:59,003 - analyze_cv - INFO - Extraction OCR en cours...
2025-11-11 22:24:18,612 - analyze_cv - INFO - OCR terminé - Langue: french, Blocs: 29
2025-11-11 22:24:18,612 - analyze_cv - INFO - Nettoyage et structuration du texte...
2025-11-11 22:24:18,618 - analyze_cv - INFO - Sections détectées: ['centres_interet', 'header']
2025-11-11 22:24:18,618 - analyze_cv - INFO - Analyse sémantique en cours...
2025-11-11 22:24:18,625 - analyze_cv - INFO - Analyse terminée - Nom: Langues Anglais
2025-11-11 22:24:18,625 - analyze_cv - INFO - Export des données en cours...
2025-11-11 22:24:18,626 - analyze_cv - INFO - Export réussi: ./output\x_analyzed.json
2025-11-11 22:26:15,878 - main - INFO - Démarrage de l'analyse avec args: Namespace(input='input/b.pdf', output_dir='./output', batch=False, summary=False, language_info=False, quiet=False)
2025-11-11 22:26:15,879 - easyocr.easyocr - WARNING - Using CPU. Note: This module is much faster with a GPU.
2025-11-11 22:26:17,587 - analyze_cv - INFO - Chargement du document: input/b.pdf
2025-11-11 22:26:17,934 - analyze_cv - INFO - Document chargé: 1 page(s)
2025-11-11 22:26:17,935 - analyze_cv - INFO - Prétraitement des images en cours...
2025-11-11 22:26:18,048 - analyze_cv - INFO - Images prétraitées: 1
2025-11-11 22:26:18,048 - analyze_cv - INFO - Extraction OCR en cours...
2025-11-11 22:26:39,210 - analyze_cv - INFO - OCR terminé - Langue: french, Blocs: 25
2025-11-11 22:26:39,210 - analyze_cv - INFO - Nettoyage et structuration du texte...
2025-11-11 22:26:39,215 - analyze_cv - INFO - Sections détectées: ['profil', 'informations', 'langues', 'centres_interet', 'header']
2025-11-11 22:26:39,215 - analyze_cv - INFO - Analyse sémantique en cours...
2025-11-11 22:26:39,222 - analyze_cv - INFO - Analyse terminée - Nom: Sousse Tunisie
2025-11-11 22:26:39,222 - analyze_cv - INFO - Export des données en cours...
2025-11-11 22:26:39,223 - analyze_cv - INFO - Export réussi: ./output\b_analyzed.json
2025-11-11 22:27:11,339 - main - INFO - Démarrage de l'analyse avec args: Namespace(input='input/a.jpg', output_dir='./output', batch=False, summary=False, language_info=False, quiet=False)
2025-11-11 22:27:11,339 - easyocr.easyocr - WARNING - Using CPU. Note: This module is much faster with a GPU.
2025-11-11 22:27:12,927 - analyze_cv - INFO - Chargement du document: input/a.jpg
2025-11-11 22:27:12,977 - analyze_cv - INFO - Document chargé: 1 page(s)
2025-11-11 22:27:12,977 - analyze_cv - INFO - Prétraitement des images en cours...
2025-11-11 22:27:13,024 - analyze_cv - INFO - Images prétraitées: 1
2025-11-11 22:27:13,024 - analyze_cv - INFO - Extraction OCR en cours...
2025-11-11 22:27:27,566 - analyze_cv - INFO - OCR terminé - Langue: french, Blocs: 25
2025-11-11 22:27:27,566 - analyze_cv - INFO - Nettoyage et structuration du texte...
2025-11-11 22:27:27,570 - analyze_cv - INFO - Sections détectées: ['profil', 'informations', 'langues', 'centres_interet', 'header']
2025-11-11 22:27:27,571 - analyze_cv - INFO - Analyse sémantique en cours...
2025-11-11 22:27:27,579 - analyze_cv - INFO - Analyse terminée - Nom: Soussc Tunisic
2025-11-11 22:27:27,579 - analyze_cv - INFO - Export des données en cours...
2025-11-11 22:27:27,580 - analyze_cv - INFO - Export réussi: ./output\a_analyzed.json
